Gpu-Image/build/outputs/logs/manifest-merger-debug-report.txt
-- Merging decision tree log ---
manifest
ADDED from HeadStyleNew\Gpu-Image\AndroidManifest.xml:2:1-4:12
INJECTED from HeadStyleNew\Gpu-Image\AndroidManifest.xml:2:1-4:12
INJECTED from HeadStyleNew\Gpu-Image\AndroidManifest.xml:2:1-4:12
INJECTED from HeadStyleNew\Gpu-Image\AndroidManifest.xml:2:1-4:12
INJECTED from HeadStyleNew\Gpu-Image\AndroidManifest.xml:2:1-4:12
INJECTED from HeadStyleNew\Gpu-Image\AndroidManifest.xml:2:1-4:12
INJECTED from HeadStyleNew\Gpu-Image\AndroidManifest.xml:2:1-4:12
	package
		ADDED from HeadStyleNew\Gpu-Image\AndroidManifest.xml:3:5-48
		INJECTED from HeadStyleNew\Gpu-Image\AndroidManifest.xml
		INJECTED from HeadStyleNew\Gpu-Image\AndroidManifest.xml
	android:versionName
		INJECTED from HeadStyleNew\Gpu-Image\AndroidManifest.xml
		ADDED from HeadStyleNew\Gpu-Image\AndroidManifest.xml:2:1-4:12
		INJECTED from HeadStyleNew\Gpu-Image\AndroidManifest.xml
	xmlns:android
		ADDED from HeadStyleNew\Gpu-Image\AndroidManifest.xml:2:1-4:12
	android:versionCode
		INJECTED from HeadStyleNew\Gpu-Image\AndroidManifest.xml
		ADDED from HeadStyleNew\Gpu-Image\AndroidManifest.xml:2:1-4:12
		INJECTED from HeadStyleNew\Gpu-Image\AndroidManifest.xml
uses-sdk
INJECTED from HeadStyleNew\Gpu-Image\AndroidManifest.xml reason: use-sdk injection requested
INJECTED from HeadStyleNew\Gpu-Image\AndroidManifest.xml
INJECTED from HeadStyleNew\Gpu-Image\AndroidManifest.xml
INJECTED from HeadStyleNew\Gpu-Image\AndroidManifest.xml
INJECTED from HeadStyleNew\Gpu-Image\AndroidManifest.xml
	android:targetSdkVersion
		INJECTED from HeadStyleNew\Gpu-Image\AndroidManifest.xml
		ADDED from HeadStyleNew\Gpu-Image\AndroidManifest.xml
		INJECTED from HeadStyleNew\Gpu-Image\AndroidManifest.xml
	android:minSdkVersion
		INJECTED from HeadStyleNew\Gpu-Image\AndroidManifest.xml
		ADDED from HeadStyleNew\Gpu-Image\AndroidManifest.xml
		INJECTED from HeadStyleNew\Gpu-Image\AndroidManifest.xml